<?xml version="1.0" encoding="UTF-8"?>
<!-- Generated by org.testng.reporters.JUnitReportReporter -->
<testsuite skipped="0" hostname="DESKTOP-OG6M8M9" name="stepDefinitions.TestNG_Report_Runner" tests="4" failures="0" timestamp="26 Oct 2020 21:12:48 GMT" time="4.173" errors="0">
  <testcase name="posted_with_correct_information" time="2.783" classname="stepDefinitions.TestNG_Report_Runner"/>
  <testcase name="api_for_foreign_exchange" time="0.934" classname="stepDefinitions.TestNG_Report_Runner"/>
  <testcase name="posted_with_correct_information" time="0.446" classname="stepDefinitions.TestNG_Report_Runner"/>
  <testcase name="validate_positive_response_code_received" time="0.010" classname="stepDefinitions.TestNG_Report_Runner"/>
</testsuite> <!-- stepDefinitions.TestNG_Report_Runner -->
